2024-12-12 14:17:27,881 - root - ERROR - Failed to import TrackerManager: No module named 'psutil'
2024-12-12 14:20:34,740 - root - INFO - Initializing TrackerManager...
2024-12-12 14:20:34,741 - core.monitoring.tracker_manager - INFO - Initializing TrackerManager...
2024-12-12 14:20:34,741 - root - INFO - Starting all trackers...
2024-12-12 14:20:35,761 - core.monitoring.tracker_manager - ERROR - cognitive tracker failed to start (immediate crash)
2024-12-12 14:20:36,779 - core.monitoring.tracker_manager - ERROR - interaction tracker failed to start (immediate crash)
2024-12-12 14:20:37,788 - core.monitoring.tracker_manager - ERROR - development tracker failed to start (immediate crash)
2024-12-12 14:20:37,788 - root - INFO - Checking tracker status...
2024-12-12 14:20:37,789 - root - INFO - Tracker status: {'cognitive': 'stopped', 'interaction': 'stopped', 'development': 'stopped'}
2024-12-12 14:22:31,889 - root - INFO - Initializing TrackerManager...
2024-12-12 14:22:31,890 - core.monitoring.tracker_manager - INFO - Initializing TrackerManager...
2024-12-12 14:22:31,891 - root - INFO - Starting all trackers...
2024-12-12 14:22:32,907 - core.monitoring.tracker_manager - ERROR - cognitive tracker failed to start (immediate crash)
2024-12-12 14:22:33,915 - core.monitoring.tracker_manager - ERROR - interaction tracker failed to start (immediate crash)
2024-12-12 14:22:34,934 - core.monitoring.tracker_manager - ERROR - development tracker failed to start (immediate crash)
2024-12-12 14:22:34,935 - root - INFO - Checking tracker status...
2024-12-12 14:22:34,935 - root - INFO - Tracker status: {'cognitive': 'stopped', 'interaction': 'stopped', 'development': 'stopped'}
2024-12-12 14:24:25,628 - root - INFO - Initializing TrackerManager...
2024-12-12 14:24:25,629 - core.monitoring.tracker_manager - INFO - Initializing TrackerManager...
2024-12-12 14:24:25,629 - root - INFO - Starting all trackers...
2024-12-12 14:24:26,639 - core.monitoring.tracker_manager - ERROR - cognitive tracker failed to start (immediate crash)
2024-12-12 14:24:27,655 - core.monitoring.tracker_manager - ERROR - interaction tracker failed to start (immediate crash)
2024-12-12 14:24:28,671 - core.monitoring.tracker_manager - ERROR - development tracker failed to start (immediate crash)
2024-12-12 14:24:28,671 - root - INFO - Checking tracker status...
2024-12-12 14:24:28,671 - root - INFO - Tracker status: {'cognitive': 'stopped', 'interaction': 'stopped', 'development': 'stopped'}
2024-12-12 14:24:45,291 - root - INFO - Initializing TrackerManager...
2024-12-12 14:24:45,293 - core.monitoring.tracker_manager - INFO - Initializing TrackerManager...
2024-12-12 14:24:45,293 - root - INFO - Starting all trackers...
2024-12-12 14:24:46,302 - core.monitoring.tracker_manager - ERROR - cognitive tracker failed to start (immediate crash)
2024-12-12 14:24:47,311 - core.monitoring.tracker_manager - ERROR - interaction tracker failed to start (immediate crash)
2024-12-12 14:24:48,320 - core.monitoring.tracker_manager - ERROR - development tracker failed to start (immediate crash)
2024-12-12 14:24:48,321 - root - INFO - Checking tracker status...
2024-12-12 14:24:48,321 - root - INFO - Tracker status: {'cognitive': 'stopped', 'interaction': 'stopped', 'development': 'stopped'}
2024-12-12 14:26:39,026 - root - INFO - Initializing TrackerManager...
2024-12-12 14:26:39,028 - core.monitoring.tracker_manager - INFO - All trackers initialized successfully
2024-12-12 14:26:39,028 - core.monitoring.tracker_manager - INFO - All trackers initialized successfully
2024-12-12 14:26:39,028 - root - INFO - Starting all trackers...
2024-12-12 14:26:39,029 - core.monitoring.tracker_manager - INFO - Starting cognitive tracker...
2024-12-12 14:26:39,029 - core.monitoring.tracker_manager - INFO - Starting cognitive tracker...
2024-12-12 14:26:39,029 - tracker.cognitive - INFO - cognitive tracker started
2024-12-12 14:26:39,534 - core.monitoring.tracker_manager - INFO - Starting interaction tracker...
2024-12-12 14:26:39,534 - core.monitoring.tracker_manager - INFO - Starting interaction tracker...
2024-12-12 14:26:39,535 - tracker.interaction - INFO - interaction tracker started
2024-12-12 14:26:40,037 - core.monitoring.tracker_manager - INFO - Starting development tracker...
2024-12-12 14:26:40,037 - core.monitoring.tracker_manager - INFO - Starting development tracker...
2024-12-12 14:26:40,037 - tracker.development - INFO - development tracker started
2024-12-12 14:26:40,540 - core.monitoring.tracker_manager - INFO - All trackers started successfully
2024-12-12 14:26:40,540 - core.monitoring.tracker_manager - INFO - All trackers started successfully
2024-12-12 14:26:40,540 - root - INFO - Checking tracker status...
2024-12-12 14:26:40,540 - root - INFO - Tracker status: {'cognitive': 'running', 'interaction': 'running', 'development': 'running'}
